<?xml version="1.0" encoding="UTF-8"?>
<!-- Generated by org.testng.reporters.JUnitXMLReporter -->
<testsuite ignored="6" hostname="LAPTOP-DBD76A2E" failures="1" tests="16" name="Test" time="2.181" errors="0" timestamp="2022-12-01T16:19:05 IST">
  <testcase classname="FacebookTest.TestClass1" name="TC01" time="0.018"/>
  <testcase classname="FacebookTest.Anootations" name="TC01" time="0.001"/>
  <testcase classname="FacebookTest.Anootations" name="TC02" time="0.002"/>
  <testcase classname="FacebookTest.Anootations" name="TC03" time="0.002"/>
  <testcase classname="FacebookTest.Anootations" name="TC04" time="0.005"/>
  <testcase classname="FacebookTest.Anootations" name="TC05" time="0.001"/>
  <testcase classname="FacebookTest.Anootations" name="TC06" time="0.001"/>
  <testcase classname="FacebookTest.ProTestCases" name="TC02" time="0.001"/>
  <testcase classname="FacebookTest.ProTestCases" name="TC05" time="0.002"/>
  <testcase classname="FacebookTest.ProTestCases" name="TC05" time="0.003"/>
  <testcase classname="FacebookTest.ProTestCases" name="TC05" time="0.001"/>
  <testcase classname="FacebookTest.ProTestCases" name="TC07" time="2.007">
    <failure type="org.testng.internal.thread.ThreadTimeoutException" message="Method FacebookTest.ProTestCases.TC07() didn&amp;apos;t finish within the time-out 2000">
      <![CDATA[org.testng.internal.thread.ThreadTimeoutException: Method FacebookTest.ProTestCases.TC07() didn't finish within the time-out 2000
at java.base/java.util.ArrayList.forEach(ArrayList.java:1511)
... Removed 24 stack frames]]>
    </failure>
  </testcase> <!-- TC07 -->
  <testcase classname="FacebookTest.ProTestCases" name="TC06" time="0.0">
    <skipped/>
  </testcase> <!-- TC06 -->
  <testcase classname="FacebookTest.ProTestCases" name="TC08" time="0.001"/>
  <testcase classname="FacebookTest.ProTestCases" name="TC03" time="0.001"/>
  <testcase classname="FacebookTest.ProTestCases" name="TC01" time="0.001"/>
  <testcase classname="FacebookTest.TestClass1" name="TC02" time="0.0">
    <ignored/>
  </testcase> <!-- TC02 -->
  <testcase classname="FacebookTest.TestClass1" name="TC04" time="0.0">
    <ignored/>
  </testcase> <!-- TC04 -->
  <testcase classname="FacebookTest.TestClass1" name="TC03" time="0.0">
    <ignored/>
  </testcase> <!-- TC03 -->
  <testcase classname="FacebookTest.TestClass1" name="TC06" time="0.0">
    <ignored/>
  </testcase> <!-- TC06 -->
  <testcase classname="FacebookTest.TestClass1" name="TC05" time="0.0">
    <ignored/>
  </testcase> <!-- TC05 -->
  <testcase classname="FacebookTest.ProTestCases" name="TC04" time="0.0">
    <ignored/>
  </testcase> <!-- TC04 -->
</testsuite> <!-- Test -->
